<?xml version="1.0" encoding="UTF-8"?>
<!-- Generated by org.testng.reporters.JUnitReportReporter -->
<testsuite hostname="AnkitL-L" failures="0" tests="3" name="demo.TestngBasics.day2" time="0.014" errors="0" timestamp="2024-04-22T13:04:29 IST" skipped="0">
  <testcase classname="demo.TestngBasics.day2" name="day3" time="0.002"/>
  <testcase classname="demo.TestngBasics.day2" name="day4" time="0.002"/>
  <testcase classname="demo.TestngBasics.day2" name="day2" time="0.010"/>
</testsuite> <!-- demo.TestngBasics.day2 -->
