<?xml version="1.0" encoding="UTF-8"?>
<!-- Generated by org.testng.reporters.JUnitReportReporter -->
<testsuite hostname="AnkitL-L" failures="0" tests="3" name="demo.TestngBasics.Priority" time="0.009" errors="0" timestamp="2024-04-23T12:59:54 IST" skipped="0">
  <testcase classname="demo.TestngBasics.Priority" name="apple" time="0.008"/>
  <system-out/>
  <testcase classname="demo.TestngBasics.Priority" name="mango" time="0.001"/>
  <system-out/>
  <testcase classname="demo.TestngBasics.Priority" name="watermelon" time="0.000"/>
  <system-out/>
</testsuite> <!-- demo.TestngBasics.Priority -->
