<?xml version="1.0" encoding="UTF-8"?>
<!-- Generated by org.testng.reporters.JUnitReportReporter -->
<testsuite hostname="AnkitL-L" failures="0" tests="3" name="demo.TestngBasics.AnnotationAttributes" time="0.011" errors="0" timestamp="2024-04-23T12:57:43 IST" skipped="0">
  <testcase classname="demo.TestngBasics.AnnotationAttributes" name="testcase2" time="0.001"/>
  <system-out/>
  <testcase classname="demo.TestngBasics.AnnotationAttributes" name="Login" time="0.002"/>
  <system-out/>
  <testcase classname="demo.TestngBasics.AnnotationAttributes" name="testcase1" time="0.008"/>
  <system-out/>
</testsuite> <!-- demo.TestngBasics.AnnotationAttributes -->
