<?xml version="1.0" encoding="UTF-8"?>
<!-- Generated by org.testng.reporters.JUnitReportReporter -->
<testsuite hostname="AnkitL-L" failures="0" tests="2" name="Parametrization.Dataprovider" time="0.018" errors="0" timestamp="2024-04-23T13:29:09 IST" skipped="0">
  <testcase classname="Parametrization.Dataprovider" name="myTest" time="0.002"/>
  <system-out/>
  <testcase classname="Parametrization.Dataprovider" name="myTest" time="0.016"/>
  <system-out/>
</testsuite> <!-- Parametrization.Dataprovider -->
