<?xml version="1.0" encoding="UTF-8"?>
<!-- Generated by org.testng.reporters.JUnitReportReporter -->
<testsuite hostname="AnkitL-L" failures="0" tests="2" name="Parametrization.Parametrization1$Fruits" time="0.012" errors="0" timestamp="2024-04-23T13:09:31 IST" skipped="0">
  <testcase classname="Parametrization.Parametrization1$Fruits" name="mango" time="0.011"/>
  <system-out/>
  <testcase classname="Parametrization.Parametrization1$Fruits" name="orange" time="0.001"/>
  <system-out/>
</testsuite> <!-- Parametrization.Parametrization1$Fruits -->
