<?xml version="1.0" encoding="UTF-8"?>
<!-- Generated by org.testng.reporters.JUnitReportReporter -->
<testsuite hostname="AnkitL-L" failures="0" tests="3" name="demo.TestngBasics.basics" time="0.004" errors="0" timestamp="2024-04-22T12:57:40 IST" skipped="0">
  <testcase classname="demo.TestngBasics.basics" name="test3" time="0.001"/>
  <testcase classname="demo.TestngBasics.basics" name="test1" time="0.002"/>
  <testcase classname="demo.TestngBasics.basics" name="test2" time="0.001"/>
</testsuite> <!-- demo.TestngBasics.basics -->
