<?xml version="1.0" encoding="UTF-8"?>
<!-- Generated by org.testng.reporters.JUnitReportReporter -->
<testsuite hostname="AnkitL-L" failures="0" tests="1" name="Parametrization.Parametrization$Sum" time="0.010" errors="0" timestamp="2024-04-23T13:07:56 IST" skipped="0">
  <testcase classname="Parametrization.Parametrization$Sum" name="add" time="0.010"/>
  <system-out/>
</testsuite> <!-- Parametrization.Parametrization$Sum -->
