<?xml version="1.0" encoding="UTF-8"?>
<!-- Generated by org.testng.reporters.JUnitReportReporter -->
<testsuite hostname="AnkitL-L" failures="0" tests="2" name="demo.TestngBasics.car" time="0.011" errors="0" timestamp="2024-04-23T11:30:02 IST" skipped="0">
  <testcase classname="demo.TestngBasics.car" name="carSpeed" time="0.002"/>
  <system-out/>
  <testcase classname="demo.TestngBasics.car" name="carFuel" time="0.009"/>
  <system-out/>
</testsuite> <!-- demo.TestngBasics.car -->
