<?xml version="1.0" encoding="UTF-8"?>
<!-- Generated by org.testng.reporters.JUnitReportReporter -->
<testsuite hostname="AnkitL-L" failures="0" tests="4" name="demo.TestngBasics.TestngBasics" time="0.012" errors="0" timestamp="2024-04-22T12:57:40 IST" skipped="0">
  <testcase classname="demo.TestngBasics.TestngBasics" name="test1" time="0.009"/>
  <testcase classname="demo.TestngBasics.TestngBasics" name="test2" time="0.001"/>
  <testcase classname="demo.TestngBasics.TestngBasics" name="trt3" time="0.001"/>
  <testcase classname="demo.TestngBasics.TestngBasics" name="test4" time="0.001"/>
</testsuite> <!-- demo.TestngBasics.TestngBasics -->
