<?xml version="1.0" encoding="UTF-8"?>
<!-- Generated by org.testng.reporters.JUnitReportReporter -->
<testsuite hostname="AnkitL-L" failures="0" tests="1" name="demo.TestngBasics.Annotations" time="0.006" errors="0" timestamp="2024-04-23T12:43:22 IST" skipped="0">
  <testcase classname="demo.TestngBasics.Annotations" name="testTC2" time="0.006"/>
  <system-out/>
</testsuite> <!-- demo.TestngBasics.Annotations -->
